<?xml version="1.0" encoding="UTF-8"?>
<testng-results skipped="0" failed="1" ignored="0" total="1" passed="0">
  <reporter-output>
  </reporter-output>
  <suite name="com.mt.testcases.RegisterTest" duration-ms="4276" started-at="2020-11-25T15:48:36Z" finished-at="2020-11-25T15:48:40Z">
    <groups>
    </groups>
    <test name="Command line test" duration-ms="4276" started-at="2020-11-25T15:48:36Z" finished-at="2020-11-25T15:48:40Z">
      <class name="com.mt.testcases.RegisterTest">
        <test-method status="FAIL" signature="register()[pri:0, instance:com.mt.testcases.RegisterTest@6108b2d7]" name="register" duration-ms="4230" started-at="2020-11-25T15:48:36Z" finished-at="2020-11-25T15:48:40Z">
          <exception class="org.openqa.selenium.SessionNotCreatedException">
            <message>
              <![CDATA[session not created: This version of ChromeDriver only supports Chrome version 80
Build info: version: '3.141.59', revision: 'e82be7d358', time: '2018-11-14T08:17:03'
System info: host: 'LAPTOP-L6CEFVU5', ip: '192.168.29.70', os.name: 'Windows 10', os.arch: 'amd64', os.version: '10.0', java.version: '1.8.0_251'
Driver info: driver.version: ChromeDriver
remote stacktrace: Backtrace:
Ordinal0 [0x00250C83+1707139]
Ordinal0 [0x001B68F1+1075441]
Ordinal0 [0x0012DFC9+516041]
Ordinal0 [0x000C0554+66900]
Ordinal0 [0x000BCCE2+52450]
Ordinal0 [0x000DBFD7+180183]
Ordinal0 [0x000DBDDD+179677]
Ordinal0 [0x000D9D4B+171339]
Ordinal0 [0x000C1D4A+73034]
Ordinal0 [0x000C2DC0+77248]
Ordinal0 [0x000C2D59+77145]
Ordinal0 [0x001CBB67+1162087]
GetHandleVerifier [0x002EA966+508998]
GetHandleVerifier [0x002EA6A4+508292]
GetHandleVerifier [0x002FF7B7+594583]
GetHandleVerifier [0x002EB1D6+511158]
Ordinal0 [0x001C402C+1130540]
Ordinal0 [0x001CD4CB+1168587]
Ordinal0 [0x001CD633+1168947]
Ordinal0 [0x001E5B35+1268533]
BaseThreadInitThunk [0x76F9FA29+25]
RtlGetAppContainerNamedObjectPath [0x771A75F4+228]
RtlGetAppContainerNamedObjectPath [0x771A75C4+180]
(No symbol) [0x00000000]
]]>
            </message>
            <full-stacktrace>
              <![CDATA[org.openqa.selenium.SessionNotCreatedException: session not created: This version of ChromeDriver only supports Chrome version 80
Build info: version: '3.141.59', revision: 'e82be7d358', time: '2018-11-14T08:17:03'
System info: host: 'LAPTOP-L6CEFVU5', ip: '192.168.29.70', os.name: 'Windows 10', os.arch: 'amd64', os.version: '10.0', java.version: '1.8.0_251'
Driver info: driver.version: ChromeDriver
remote stacktrace: Backtrace:
Ordinal0 [0x00250C83+1707139]
Ordinal0 [0x001B68F1+1075441]
Ordinal0 [0x0012DFC9+516041]
Ordinal0 [0x000C0554+66900]
Ordinal0 [0x000BCCE2+52450]
Ordinal0 [0x000DBFD7+180183]
Ordinal0 [0x000DBDDD+179677]
Ordinal0 [0x000D9D4B+171339]
Ordinal0 [0x000C1D4A+73034]
Ordinal0 [0x000C2DC0+77248]
Ordinal0 [0x000C2D59+77145]
Ordinal0 [0x001CBB67+1162087]
GetHandleVerifier [0x002EA966+508998]
GetHandleVerifier [0x002EA6A4+508292]
GetHandleVerifier [0x002FF7B7+594583]
GetHandleVerifier [0x002EB1D6+511158]
Ordinal0 [0x001C402C+1130540]
Ordinal0 [0x001CD4CB+1168587]
Ordinal0 [0x001CD633+1168947]
Ordinal0 [0x001E5B35+1268533]
BaseThreadInitThunk [0x76F9FA29+25]
RtlGetAppContainerNamedObjectPath [0x771A75F4+228]
RtlGetAppContainerNamedObjectPath [0x771A75C4+180]
(No symbol) [0x00000000]

at sun.reflect.NativeConstructorAccessorImpl.newInstance0(Native Method)
at sun.reflect.NativeConstructorAccessorImpl.newInstance(NativeConstructorAccessorImpl.java:62)
at sun.reflect.DelegatingConstructorAccessorImpl.newInstance(DelegatingConstructorAccessorImpl.java:45)
at java.lang.reflect.Constructor.newInstance(Constructor.java:423)
at org.openqa.selenium.remote.W3CHandshakeResponse.lambda$errorHandler$0(W3CHandshakeResponse.java:62)
at org.openqa.selenium.remote.HandshakeResponse.lambda$getResponseFunction$0(HandshakeResponse.java:30)
at org.openqa.selenium.remote.ProtocolHandshake.lambda$createSession$0(ProtocolHandshake.java:126)
at java.util.stream.ReferencePipeline$3$1.accept(ReferencePipeline.java:193)
at java.util.Spliterators$ArraySpliterator.tryAdvance(Spliterators.java:958)
at java.util.stream.ReferencePipeline.forEachWithCancel(ReferencePipeline.java:126)
at java.util.stream.AbstractPipeline.copyIntoWithCancel(AbstractPipeline.java:499)
at java.util.stream.AbstractPipeline.copyInto(AbstractPipeline.java:486)
at java.util.stream.AbstractPipeline.wrapAndCopyInto(AbstractPipeline.java:472)
at java.util.stream.FindOps$FindOp.evaluateSequential(FindOps.java:152)
at java.util.stream.AbstractPipeline.evaluate(AbstractPipeline.java:234)
at java.util.stream.ReferencePipeline.findFirst(ReferencePipeline.java:464)
at org.openqa.selenium.remote.ProtocolHandshake.createSession(ProtocolHandshake.java:128)
at org.openqa.selenium.remote.ProtocolHandshake.createSession(ProtocolHandshake.java:74)
at org.openqa.selenium.remote.HttpCommandExecutor.execute(HttpCommandExecutor.java:136)
at org.openqa.selenium.remote.service.DriverCommandExecutor.execute(DriverCommandExecutor.java:83)
at org.openqa.selenium.remote.RemoteWebDriver.execute(RemoteWebDriver.java:552)
at org.openqa.selenium.remote.RemoteWebDriver.startSession(RemoteWebDriver.java:213)
at org.openqa.selenium.remote.RemoteWebDriver.<init>(RemoteWebDriver.java:131)
at org.openqa.selenium.chrome.ChromeDriver.<init>(ChromeDriver.java:181)
at org.openqa.selenium.chrome.ChromeDriver.<init>(ChromeDriver.java:168)
at org.openqa.selenium.chrome.ChromeDriver.<init>(ChromeDriver.java:123)
at com.mt.utility.Common.openbrowser(Common.java:17)
at com.mt.testcases.RegisterTest.register(RegisterTest.java:21)
at sun.reflect.NativeMethodAccessorImpl.invoke0(Native Method)
at sun.reflect.NativeMethodAccessorImpl.invoke(NativeMethodAccessorImpl.java:62)
at sun.reflect.DelegatingMethodAccessorImpl.invoke(DelegatingMethodAccessorImpl.java:43)
at java.lang.reflect.Method.invoke(Method.java:498)
at org.testng.internal.MethodInvocationHelper.invokeMethod(MethodInvocationHelper.java:124)
at org.testng.internal.Invoker.invokeMethod(Invoker.java:583)
at org.testng.internal.Invoker.invokeTestMethod(Invoker.java:719)
at org.testng.internal.Invoker.invokeTestMethods(Invoker.java:989)
at org.testng.internal.TestMethodWorker.invokeTestMethods(TestMethodWorker.java:125)
at org.testng.internal.TestMethodWorker.run(TestMethodWorker.java:109)
at org.testng.TestRunner.privateRun(TestRunner.java:648)
at org.testng.TestRunner.run(TestRunner.java:505)
at org.testng.SuiteRunner.runTest(SuiteRunner.java:455)
at org.testng.SuiteRunner.runSequentially(SuiteRunner.java:450)
at org.testng.SuiteRunner.privateRun(SuiteRunner.java:415)
at org.testng.SuiteRunner.run(SuiteRunner.java:364)
at org.testng.SuiteRunnerWorker.runSuite(SuiteRunnerWorker.java:52)
at org.testng.SuiteRunnerWorker.run(SuiteRunnerWorker.java:84)
at org.testng.TestNG.runSuitesSequentially(TestNG.java:1208)
at org.testng.TestNG.runSuitesLocally(TestNG.java:1137)
at org.testng.TestNG.runSuites(TestNG.java:1049)
at org.testng.TestNG.run(TestNG.java:1017)
at org.apache.maven.surefire.testng.TestNGExecutor.run(TestNGExecutor.java:77)
at org.apache.maven.surefire.testng.TestNGDirectoryTestSuite.execute(TestNGDirectoryTestSuite.java:110)
at org.apache.maven.surefire.testng.TestNGProvider.invoke(TestNGProvider.java:106)
at sun.reflect.NativeMethodAccessorImpl.invoke0(Native Method)
at sun.reflect.NativeMethodAccessorImpl.invoke(NativeMethodAccessorImpl.java:62)
at sun.reflect.DelegatingMethodAccessorImpl.invoke(DelegatingMethodAccessorImpl.java:43)
at java.lang.reflect.Method.invoke(Method.java:498)
at org.apache.maven.surefire.util.ReflectionUtils.invokeMethodWithArray(ReflectionUtils.java:189)
at org.apache.maven.surefire.booter.ProviderFactory$ProviderProxy.invoke(ProviderFactory.java:165)
at org.apache.maven.surefire.booter.ProviderFactory.invokeProvider(ProviderFactory.java:85)
at org.apache.maven.surefire.booter.ForkedBooter.runSuitesInProcess(ForkedBooter.java:115)
at org.apache.maven.surefire.booter.ForkedBooter.main(ForkedBooter.java:75)
]]>
            </full-stacktrace>
          </exception> <!-- org.openqa.selenium.SessionNotCreatedException -->
          <reporter-output>
          </reporter-output>
        </test-method> <!-- register -->
      </class> <!-- com.mt.testcases.RegisterTest -->
    </test> <!-- Command line test -->
  </suite> <!-- com.mt.testcases.RegisterTest -->
</testng-results>
