<?xml version="1.0" encoding="UTF-8" ?>
<testsuite tests="1" failures="1" name="com.mt.testcases.RegisterTest" time="4.242" errors="0" skipped="0">
  <properties>
[...]
</properties>
  <testcase classname="com.mt.testcases.RegisterTest" name="register" time="4.242">
    <failure message="session not created: This version of ChromeDriver only supports Chrome version 80
Build info: version: &apos;3.141.59&apos;, revision: &apos;e82be7d358&apos;, time: &apos;2018-11-14T08:17:03&apos;
System info: host: &apos;LAPTOP-L6CEFVU5&apos;, ip: &apos;192.168.29.70&apos;, os.name: &apos;Windows 10&apos;, os.arch: &apos;amd64&apos;, os.version: &apos;10.0&apos;, java.version: &apos;1.8.0_251&apos;
Driver info: driver.version: ChromeDriver
remote stacktrace: Backtrace:
	Ordinal0 [0x00250C83+1707139]
	Ordinal0 [0x001B68F1+1075441]
	Ordinal0 [0x0012DFC9+516041]
	Ordinal0 [0x000C0554+66900]
	Ordinal0 [0x000BCCE2+52450]
	Ordinal0 [0x000DBFD7+180183]
	Ordinal0 [0x000DBDDD+179677]
	Ordinal0 [0x000D9D4B+171339]
	Ordinal0 [0x000C1D4A+73034]
	Ordinal0 [0x000C2DC0+77248]
	Ordinal0 [0x000C2D59+77145]
	Ordinal0 [0x001CBB67+1162087]
	GetHandleVerifier [0x002EA966+508998]
	GetHandleVerifier [0x002EA6A4+508292]
	GetHandleVerifier [0x002FF7B7+594583]
	GetHandleVerifier [0x002EB1D6+511158]
	Ordinal0 [0x001C402C+1130540]
	Ordinal0 [0x001CD4CB+1168587]
	Ordinal0 [0x001CD633+1168947]
	Ordinal0 [0x001E5B35+1268533]
	BaseThreadInitThunk [0x76F9FA29+25]
	RtlGetAppContainerNamedObjectPath [0x771A75F4+228]
	RtlGetAppContainerNamedObjectPath [0x771A75C4+180]
	(No symbol) [0x00000000]
" type="org.openqa.selenium.SessionNotCreatedException">org.openqa.selenium.SessionNotCreatedException: session not created: This version of ChromeDriver only supports Chrome version 80
Build info: version: &apos;3.141.59&apos;, revision: &apos;e82be7d358&apos;, time: &apos;2018-11-14T08:17:03&apos;
System info: host: &apos;LAPTOP-L6CEFVU5&apos;, ip: &apos;192.168.29.70&apos;, os.name: &apos;Windows 10&apos;, os.arch: &apos;amd64&apos;, os.version: &apos;10.0&apos;, java.version: &apos;1.8.0_251&apos;
Driver info: driver.version: ChromeDriver
remote stacktrace: Backtrace:
	Ordinal0 [0x00250C83+1707139]
	Ordinal0 [0x001B68F1+1075441]
	Ordinal0 [0x0012DFC9+516041]
	Ordinal0 [0x000C0554+66900]
	Ordinal0 [0x000BCCE2+52450]
	Ordinal0 [0x000DBFD7+180183]
	Ordinal0 [0x000DBDDD+179677]
	Ordinal0 [0x000D9D4B+171339]
	Ordinal0 [0x000C1D4A+73034]
	Ordinal0 [0x000C2DC0+77248]
	Ordinal0 [0x000C2D59+77145]
	Ordinal0 [0x001CBB67+1162087]
	GetHandleVerifier [0x002EA966+508998]
	GetHandleVerifier [0x002EA6A4+508292]
	GetHandleVerifier [0x002FF7B7+594583]
	GetHandleVerifier [0x002EB1D6+511158]
	Ordinal0 [0x001C402C+1130540]
	Ordinal0 [0x001CD4CB+1168587]
	Ordinal0 [0x001CD633+1168947]
	Ordinal0 [0x001E5B35+1268533]
	BaseThreadInitThunk [0x76F9FA29+25]
	RtlGetAppContainerNamedObjectPath [0x771A75F4+228]
	RtlGetAppContainerNamedObjectPath [0x771A75C4+180]
	(No symbol) [0x00000000]

	at sun.reflect.NativeConstructorAccessorImpl.newInstance0(Native Method)
	at sun.reflect.NativeConstructorAccessorImpl.newInstance(NativeConstructorAccessorImpl.java:62)
	at sun.reflect.DelegatingConstructorAccessorImpl.newInstance(DelegatingConstructorAccessorImpl.java:45)
	at java.lang.reflect.Constructor.newInstance(Constructor.java:423)
	at org.openqa.selenium.remote.W3CHandshakeResponse.lambda$errorHandler$0(W3CHandshakeResponse.java:62)
	at org.openqa.selenium.remote.HandshakeResponse.lambda$getResponseFunction$0(HandshakeResponse.java:30)
	at org.openqa.selenium.remote.ProtocolHandshake.lambda$createSession$0(ProtocolHandshake.java:126)
	at java.util.stream.ReferencePipeline$3$1.accept(ReferencePipeline.java:193)
	at java.util.Spliterators$ArraySpliterator.tryAdvance(Spliterators.java:958)
	at java.util.stream.ReferencePipeline.forEachWithCancel(ReferencePipeline.java:126)
	at java.util.stream.AbstractPipeline.copyIntoWithCancel(AbstractPipeline.java:499)
	at java.util.stream.AbstractPipeline.copyInto(AbstractPipeline.java:486)
	at java.util.stream.AbstractPipeline.wrapAndCopyInto(AbstractPipeline.java:472)
	at java.util.stream.FindOps$FindOp.evaluateSequential(FindOps.java:152)
	at java.util.stream.AbstractPipeline.evaluate(AbstractPipeline.java:234)
	at java.util.stream.ReferencePipeline.findFirst(ReferencePipeline.java:464)
	at org.openqa.selenium.remote.ProtocolHandshake.createSession(ProtocolHandshake.java:128)
	at org.openqa.selenium.remote.ProtocolHandshake.createSession(ProtocolHandshake.java:74)
	at org.openqa.selenium.remote.HttpCommandExecutor.execute(HttpCommandExecutor.java:136)
	at org.openqa.selenium.remote.service.DriverCommandExecutor.execute(DriverCommandExecutor.java:83)
	at org.openqa.selenium.remote.RemoteWebDriver.execute(RemoteWebDriver.java:552)
	at org.openqa.selenium.remote.RemoteWebDriver.startSession(RemoteWebDriver.java:213)
	at org.openqa.selenium.remote.RemoteWebDriver.&lt;init&gt;(RemoteWebDriver.java:131)
	at org.openqa.selenium.chrome.ChromeDriver.&lt;init&gt;(ChromeDriver.java:181)
	at org.openqa.selenium.chrome.ChromeDriver.&lt;init&gt;(ChromeDriver.java:168)
	at org.openqa.selenium.chrome.ChromeDriver.&lt;init&gt;(ChromeDriver.java:123)
	at com.mt.utility.Common.openbrowser(Common.java:17)
	at com.mt.testcases.RegisterTest.register(RegisterTest.java:21)
</failure>
    <system-out>Configuring TestNG with: org.apache.maven.surefire.testng.conf.TestNG652Configurator@3d012ddd
</system-out>
    <system-err>Starting ChromeDriver 80.0.3987.106 (f68069574609230cf9b635cd784cfb1bf81bb53a-refs/branch-heads/3987@{#882}) on port 31199
Only local connections are allowed.
Please protect ports used by ChromeDriver and related test frameworks to prevent access by malicious code.
</system-err>
  </testcase>
</testsuite>